<?xml version="1.0" encoding="UTF-8"?>
<testsuite xmlns:xsi="http://www.w3.org/2001/XMLSchema-instance" xsi:noNamespaceSchemaLocation="https://maven.apache.org/surefire/maven-surefire-plugin/xsd/surefire-test-report.xsd" version="3.0.2" name="com.raspingamazon.infrastructure.migration.DatabaseMigrationTest" time="0.592" tests="1" errors="0" skipped="0" failures="0">
  <properties>
[...]
</properties>
  <testcase name="shouldApplyDatabaseMigrations" classname="com.raspingamazon.infrastructure.migration.DatabaseMigrationTest" time="0.59">
    <system-err><![CDATA[set. 15, 2026 8:56:02 PM org.flywaydb.core.FlywayExecutor execute
INFO: Database: jdbc:postgresql://localhost:5432/rasping_amazon (PostgreSQL 18.6)
set. 15, 2026 8:56:02 PM org.flywaydb.core.internal.command.DbValidate validate
INFO: Successfully validated 2 migrations (execution time 00:00.026s)
set. 15, 2026 8:56:02 PM org.flywaydb.core.internal.command.DbMigrate migrateGroup
INFO: Current version of schema "public": 2
set. 15, 2026 8:56:02 PM org.flywaydb.core.internal.command.DbMigrate logSummary
INFO: Schema "public" is up to date. No migration necessary.
]]></system-err>
  </testcase>
</testsuite>